<?xml version="1.0" encoding="UTF-8"?>
<testsuite xmlns:xsi="http://www.w3.org/2001/XMLSchema-instance" xsi:noNamespaceSchemaLocation="https://maven.apache.org/surefire/maven-surefire-plugin/xsd/surefire-test-report-3.0.xsd" version="3.0" name="drinkshop.it.service.td.depthfirst.StocServiceIntTest" time="0.041" tests="7" errors="0" skipped="5" failures="0">
  <properties>
[...]
</properties>
  <testcase name="testAddValid_withRealRepo" classname="drinkshop.it.service.td.depthfirst.StocServiceIntTest" time="0.016"/>
  <testcase name="testAddInvalid_withRealRepo" classname="drinkshop.it.service.td.depthfirst.StocServiceIntTest" time="0.004"/>
  <testcase name="delete" classname="drinkshop.it.service.td.depthfirst.StocServiceIntTest" time="0.0">
    <skipped message="void drinkshop.it.service.td.depthfirst.StocServiceIntTest.delete() is @Disabled"/>
  </testcase>
  <testcase name="update" classname="drinkshop.it.service.td.depthfirst.StocServiceIntTest" time="0.0">
    <skipped message="void drinkshop.it.service.td.depthfirst.StocServiceIntTest.update() is @Disabled"/>
  </testcase>
  <testcase name="areSuficient" classname="drinkshop.it.service.td.depthfirst.StocServiceIntTest" time="0.0">
    <skipped message="void drinkshop.it.service.td.depthfirst.StocServiceIntTest.areSuficient() is @Disabled"/>
  </testcase>
  <testcase name="add" classname="drinkshop.it.service.td.depthfirst.StocServiceIntTest" time="0.0">
    <skipped message="void drinkshop.it.service.td.depthfirst.StocServiceIntTest.add() is @Disabled"/>
  </testcase>
  <testcase name="consuma" classname="drinkshop.it.service.td.depthfirst.StocServiceIntTest" time="0.0">
    <skipped message="void drinkshop.it.service.td.depthfirst.StocServiceIntTest.consuma() is @Disabled"/>
  </testcase>
</testsuite>